0	12:04:44.813	Expert Wofu\MyOwnPickDog EURJPY,H1: loaded successfully
0	12:04:45.476	Expert MyOwnPickDog EURJPY,H1: removed
0	12:05:01.139	Compiling 'MACD Sample'
0	12:05:01.140	Compiling 'Moving Average'
0	12:05:06.262	Compiling 'Accelerator'
0	12:05:06.262	Compiling 'Accumulation'
0	12:05:06.263	Compiling 'Alligator'
0	12:05:06.263	Compiling 'ATR'
0	12:05:06.263	Compiling 'Awesome'
0	12:05:06.263	Compiling 'Bands'
0	12:05:06.263	Compiling 'Bears'
0	12:05:06.263	Compiling 'Bulls'
0	12:05:06.264	Compiling 'CCI'
0	12:05:06.264	Compiling 'Custom Moving Averages'
0	12:05:06.264	Compiling 'Heiken Ashi'
0	12:05:06.264	Compiling 'Ichimoku'
0	12:05:06.264	Compiling 'iExposure'
0	12:05:06.264	Compiling 'MACD'
0	12:05:06.264	Compiling 'Momentum'
0	12:05:06.265	Compiling 'OsMA'
0	12:05:06.265	Compiling 'Parabolic'
0	12:05:06.265	Compiling 'RSI'
0	12:05:06.265	Compiling 'Stochastic'
0	12:05:06.265	Compiling 'ZigZag'
0	12:05:06.266	Compiling 'SimplePanel'
0	12:05:21.783	Compiling 'PeriodConverter'
0	12:05:21.784	Compiling 'DLLSampleTester'
0	12:05:21.785	Compiling 'PipeClient'
0	12:05:21.785	Compiling 'PipeClientPure'
0	12:05:26.874	Compiling 'stdlib'
0	12:24:04.562	Expert Wofu\MyOwnPickDog EURJPY,H1: loaded successfully
0	12:24:10.834	Expert MyOwnPickDog EURJPY,H1: removed
0	14:25:10.708	Expert Wofu\MyOwnPickDog EURJPY,H1: loaded successfully
0	14:25:12.935	Expert MyOwnPickDog EURJPY,H1: removed
0	14:25:32.468	Expert Wofu\MyOwnPickDog EURJPY,H1: loaded successfully
0	14:25:35.783	Expert MyOwnPickDog EURJPY,H1: removed
0	15:45:35.896	Expert Wofu\MyOwnPickDog EURJPY,H1: loaded successfully
0	15:45:38.655	Expert MyOwnPickDog EURJPY,H1: removed
0	15:49:37.232	Expert Wofu\MyOwnPickDog EURJPY,H1: loaded successfully
0	15:49:38.660	Expert MyOwnPickDog EURJPY,H1: removed
0	15:53:09.330	Expert Wofu\MyOwnPickDog EURJPY,H1: loaded successfully
0	15:53:11.909	Expert MyOwnPickDog EURJPY,H1: removed
0	16:05:41.011	Expert Wofu\MyOwnPickDog EURJPY,H1: loaded successfully
0	16:05:47.062	Expert MyOwnPickDog EURJPY,H1: removed
